<?xml version="1.0" encoding="UTF-8"?>
<!-- Generated by org.testng.reporters.JUnitXMLReporter -->
<testsuite hostname="VAIO" ignored="0" name="Test" tests="6" failures="0" timestamp="2021-07-22T14:53:47 IST" time="0.202" errors="0">
  <testcase name="BrowserAutomation" time="0.044" classname="Udemy.RahulShetty.SeleniumTest"/>
  <testcase name="elementsURL" time="0.001" classname="Udemy.RahulShetty.SeleniumTest"/>
  <testcase name="ApiTestProj" time="0.001" classname="Udemy.RahulShetty.RestApiTest"/>
  <testcase name="ApiTesting" time="0.002" classname="Udemy.RahulShetty.RestApiTest"/>
  <testcase name="AppiumTestProj" time="0.001" classname="Udemy.RahulShetty.AppiumTest"/>
  <testcase name="AppiumTesting" time="0.0" classname="Udemy.RahulShetty.AppiumTest"/>
</testsuite> <!-- Test -->
