<?xml version="1.0" encoding="UTF-8"?>
<testsuite xmlns:xsi="http://www.w3.org/2001/XMLSchema-instance" xsi:noNamespaceSchemaLocation="https://maven.apache.org/surefire/maven-surefire-plugin/xsd/surefire-test-report-3.0.xsd" version="3.0" name="TestSuite" time="2.445" tests="6" errors="0" skipped="0" failures="0">
  <properties>
[...]
</properties>
  <testcase name="BrowserAutomation" classname="Udemy.RahulShetty.SeleniumTest" time="0.034">
    <system-out><![CDATA[BrowserAutomation
]]></system-out>
  </testcase>
  <testcase name="elementsURL" classname="Udemy.RahulShetty.SeleniumTest" time="0.001">
    <system-out><![CDATA[elementsURL
]]></system-out>
  </testcase>
  <testcase name="ApiTestProj" classname="Udemy.RahulShetty.RestApiTest" time="0">
    <system-out><![CDATA[ApiTestProj
]]></system-out>
  </testcase>
  <testcase name="ApiTesting" classname="Udemy.RahulShetty.RestApiTest" time="0.002">
    <system-out><![CDATA[ApiTesting
]]></system-out>
  </testcase>
  <testcase name="AppiumTestProj" classname="Udemy.RahulShetty.AppiumTest" time="0.001">
    <system-out><![CDATA[AppiumTestProj
]]></system-out>
  </testcase>
  <testcase name="AppiumTesting" classname="Udemy.RahulShetty.AppiumTest" time="0.001">
    <system-out><![CDATA[AppiumTesting
]]></system-out>
  </testcase>
</testsuite>